<?xml version="1.0" encoding="UTF-8"?>
<!-- Generated by org.testng.reporters.JUnitReportReporter -->
<testsuite hostname="Vyro-MacBook.local" failures="0" tests="4" name="Testcases.Main_screen_Test" time="21.781" errors="0" timestamp="2021-08-12T12:21:55 PKT" skipped="0">
  <testcase classname="Testcases.Main_screen_Test" name="C_Testcase3" time="7.949"/>
  <system-out/>
  <testcase classname="Testcases.Main_screen_Test" name="B_Testcase2" time="7.388"/>
  <system-out/>
  <testcase classname="Testcases.Main_screen_Test" name="A_Testcase1" time="4.432"/>
  <system-out/>
  <testcase classname="Testcases.Main_screen_Test" name="D_Testcase4" time="2.012"/>
  <system-out/>
</testsuite> <!-- Testcases.Main_screen_Test -->
