<?xml version="1.0" encoding="UTF-8"?>
<!-- Generated by org.testng.reporters.JUnitReportReporter -->
<testsuite hostname="Vyro-MacBook.local" failures="0" tests="5" name="Testcases.Structures" time="288.809" errors="0" timestamp="2021-08-11T17:12:01 PKT" skipped="0">
  <testcase classname="Testcases.Structures" name="D_Testcase4" time="105.354"/>
  <system-out/>
  <testcase classname="Testcases.Structures" name="C_Testcase3" time="0.739"/>
  <system-out/>
  <testcase classname="Testcases.Structures" name="B_Testcase2" time="16.729"/>
  <system-out/>
  <testcase classname="Testcases.Structures" name="E_Testcase5" time="164.437"/>
  <system-out/>
  <testcase classname="Testcases.Structures" name="A_Testcase1" time="1.550"/>
  <system-out/>
</testsuite> <!-- Testcases.Structures -->
