<?xml version="1.0" encoding="UTF-8"?>
<!-- Generated by org.testng.reporters.JUnitReportReporter -->
<testsuite hostname="Vyro-MacBook.local" failures="0" tests="11" name="Testcases.Home_Test" time="65.489" errors="0" timestamp="2021-08-12T12:21:55 PKT" skipped="0">
  <testcase classname="Testcases.Home_Test" name="A_Gallery_Invalid_1" time="4.537"/>
  <system-out/>
  <testcase classname="Testcases.Home_Test" name="J_Gallery_Valid_10" time="18.166"/>
  <system-out/>
  <testcase classname="Testcases.Home_Test" name="E_Gallery_Valid_5" time="1.245"/>
  <system-out/>
  <testcase classname="Testcases.Home_Test" name="F_Gallery_Valid_6" time="9.749"/>
  <system-out/>
  <testcase classname="Testcases.Home_Test" name="C_Gallery_Valid_3" time="5.221"/>
  <system-out/>
  <testcase classname="Testcases.Home_Test" name="H_Gallery_Valid_8" time="2.467"/>
  <system-out/>
  <testcase classname="Testcases.Home_Test" name="K_Gallery_Valid_11" time="17.607"/>
  <system-out/>
  <testcase classname="Testcases.Home_Test" name="I_Gallery_Valid_9" time="0.861"/>
  <system-out/>
  <testcase classname="Testcases.Home_Test" name="G_Gallery_Valid_7" time="2.080"/>
  <system-out/>
  <testcase classname="Testcases.Home_Test" name="D_Gallery_Valid_4" time="2.699"/>
  <system-out/>
  <testcase classname="Testcases.Home_Test" name="B_Gallery_Invalid_2" time="0.857"/>
  <system-out/>
</testsuite> <!-- Testcases.Home_Test -->
