<?xml version="1.0" encoding="UTF-8"?>
<!-- Generated by org.testng.reporters.JUnitReportReporter -->
<testsuite hostname="Vyro-MacBook.local" failures="0" tests="4" name="Testcases.Adjustments_test" time="203.599" errors="0" timestamp="2021-08-11T17:12:01 PKT" skipped="0">
  <testcase classname="Testcases.Adjustments_test" name="A_Testcase1" time="1.490"/>
  <system-out/>
  <testcase classname="Testcases.Adjustments_test" name="B_Testcase2" time="0.723"/>
  <system-out/>
  <testcase classname="Testcases.Adjustments_test" name="D_Testcase4" time="120.526"/>
  <system-out/>
  <testcase classname="Testcases.Adjustments_test" name="C_Testcase3" time="80.860"/>
  <system-out/>
</testsuite> <!-- Testcases.Adjustments_test -->
