<?xml version="1.0" encoding="UTF-8"?>
<!-- Generated by org.testng.reporters.JUnitReportReporter -->
<testsuite hostname="Vyro-MacBook.local" failures="0" tests="3" name="Testcases.object_mainscreen_test" time="16.016" errors="0" timestamp="2021-09-01T10:32:39 PKT" skipped="0">
  <testcase classname="Testcases.object_mainscreen_test" name="A_Testcase1" time="3.126"/>
  <system-out/>
  <testcase classname="Testcases.object_mainscreen_test" name="C_Testcase3" time="5.466"/>
  <system-out/>
  <testcase classname="Testcases.object_mainscreen_test" name="B_Testcase2" time="7.424"/>
  <system-out/>
</testsuite> <!-- Testcases.object_mainscreen_test -->
