<?xml version="1.0" encoding="UTF-8"?>
<!-- Generated by org.testng.reporters.JUnitReportReporter -->
<testsuite hostname="Vyro-MacBook.local" failures="0" tests="7" name="Testcases.crop_two" time="242.801" errors="0" timestamp="2021-08-11T17:12:01 PKT" skipped="0">
  <testcase classname="Testcases.crop_two" name="D_Testcase4" time="2.574"/>
  <system-out/>
  <testcase classname="Testcases.crop_two" name="G_Testcase7" time="216.368"/>
  <system-out/>
  <testcase classname="Testcases.crop_two" name="A_Testcase1" time="2.516"/>
  <system-out/>
  <testcase classname="Testcases.crop_two" name="B_Testcase2" time="0.886"/>
  <system-out/>
  <testcase classname="Testcases.crop_two" name="C_Testcase3" time="6.214"/>
  <system-out/>
  <testcase classname="Testcases.crop_two" name="E_Testcase5" time="6.200"/>
  <system-out/>
  <testcase classname="Testcases.crop_two" name="F_Testcase6" time="8.043"/>
  <system-out/>
</testsuite> <!-- Testcases.crop_two -->
