<?xml version="1.0" encoding="UTF-8"?>
<!-- Generated by org.testng.reporters.JUnitReportReporter -->
<testsuite hostname="Vyro-MacBook.local" failures="0" tests="18" name="Testcases.Filters_module" time="2062.051" errors="0" timestamp="2021-08-11T17:12:01 PKT" skipped="0">
  <testcase classname="Testcases.Filters_module" name="E_Testcase5" time="104.910"/>
  <system-out/>
  <testcase classname="Testcases.Filters_module" name="R_Testcase18" time="191.379"/>
  <system-out/>
  <testcase classname="Testcases.Filters_module" name="O_Testcase15" time="136.384"/>
  <system-out/>
  <testcase classname="Testcases.Filters_module" name="G_Testcase7" time="118.134"/>
  <system-out/>
  <testcase classname="Testcases.Filters_module" name="B_Testcase2" time="0.825"/>
  <system-out/>
  <testcase classname="Testcases.Filters_module" name="F_Testcase6" time="93.838"/>
  <system-out/>
  <testcase classname="Testcases.Filters_module" name="A_Testcase1" time="1.620"/>
  <system-out/>
  <testcase classname="Testcases.Filters_module" name="N_Testcase14" time="119.800"/>
  <system-out/>
  <testcase classname="Testcases.Filters_module" name="M_Testcase13" time="161.899"/>
  <system-out/>
  <testcase classname="Testcases.Filters_module" name="D_Testcase4" time="71.203"/>
  <system-out/>
  <testcase classname="Testcases.Filters_module" name="Q_Testcase17" time="238.309"/>
  <system-out/>
  <testcase classname="Testcases.Filters_module" name="C_Testcase3" time="21.959"/>
  <system-out/>
  <testcase classname="Testcases.Filters_module" name="H_Testcase8" time="150.780"/>
  <system-out/>
  <testcase classname="Testcases.Filters_module" name="I_Testcase9" time="142.709"/>
  <system-out/>
  <testcase classname="Testcases.Filters_module" name="L_Testcase12" time="106.825"/>
  <system-out/>
  <testcase classname="Testcases.Filters_module" name="P_Testcase16" time="167.719"/>
  <system-out/>
  <testcase classname="Testcases.Filters_module" name="K_Testcase11" time="57.228"/>
  <system-out/>
  <testcase classname="Testcases.Filters_module" name="J_Testcase10" time="176.530"/>
  <system-out/>
</testsuite> <!-- Testcases.Filters_module -->
