<?xml version="1.0" encoding="UTF-8"?>
<!-- Generated by org.testng.reporters.JUnitReportReporter -->
<testsuite hostname="Vyro-MacBook.local" failures="0" tests="7" name="Testcases.px_bg_object_Test" time="89.626" errors="0" timestamp="2021-09-01T10:32:39 PKT" skipped="0">
  <testcase classname="Testcases.px_bg_object_Test" name="F_Testcase6" time="11.906"/>
  <system-out/>
  <testcase classname="Testcases.px_bg_object_Test" name="D_Testcase4" time="4.401"/>
  <system-out/>
  <testcase classname="Testcases.px_bg_object_Test" name="A_Testcase1" time="2.649"/>
  <system-out/>
  <testcase classname="Testcases.px_bg_object_Test" name="E_Testcase5" time="40.160"/>
  <system-out/>
  <testcase classname="Testcases.px_bg_object_Test" name="G_Testcase7" time="9.808"/>
  <system-out/>
  <testcase classname="Testcases.px_bg_object_Test" name="C_Testcase3" time="9.158"/>
  <system-out/>
  <testcase classname="Testcases.px_bg_object_Test" name="B_Testcase2" time="11.544"/>
  <system-out/>
</testsuite> <!-- Testcases.px_bg_object_Test -->
