<?xml version="1.0" encoding="UTF-8"?>
<!-- Generated by org.testng.reporters.JUnitReportReporter -->
<testsuite hostname="Vyro-MacBook.local" failures="0" tests="7" name="Testcases.Px_bg_Test" time="90.791" errors="0" timestamp="2021-08-12T12:21:55 PKT" skipped="0">
  <testcase classname="Testcases.Px_bg_Test" name="D_Testcase4" time="5.406"/>
  <system-out/>
  <testcase classname="Testcases.Px_bg_Test" name="F_Testcase6" time="11.921"/>
  <system-out/>
  <testcase classname="Testcases.Px_bg_Test" name="B_Testcase2" time="10.218"/>
  <system-out/>
  <testcase classname="Testcases.Px_bg_Test" name="C_Testcase3" time="9.481"/>
  <system-out/>
  <testcase classname="Testcases.Px_bg_Test" name="E_Testcase5" time="39.051"/>
  <system-out/>
  <testcase classname="Testcases.Px_bg_Test" name="G_Testcase7" time="9.496"/>
  <system-out/>
  <testcase classname="Testcases.Px_bg_Test" name="A_Testcase1" time="5.218"/>
  <system-out/>
</testsuite> <!-- Testcases.Px_bg_Test -->
