<?xml version="1.0" encoding="UTF-8"?>
<!-- Generated by org.testng.reporters.JUnitReportReporter -->
<testsuite hostname="Vyro-MacBook.local" failures="0" tests="11" name="Testcases.Home_object_Test" time="65.093" errors="0" timestamp="2021-09-01T10:32:39 PKT" skipped="0">
  <testcase classname="Testcases.Home_object_Test" name="H_Gallery_8" time="2.490"/>
  <system-out/>
  <testcase classname="Testcases.Home_object_Test" name="F_Gallery_Valid_6" time="12.008"/>
  <system-out/>
  <testcase classname="Testcases.Home_object_Test" name="C_Gallery_Valid_3" time="5.342"/>
  <system-out/>
  <testcase classname="Testcases.Home_object_Test" name="I_Gallery_9" time="0.847"/>
  <system-out/>
  <testcase classname="Testcases.Home_object_Test" name="D_Gallery_Valid_4" time="2.106"/>
  <system-out/>
  <testcase classname="Testcases.Home_object_Test" name="K_Gallery_11" time="17.470"/>
  <system-out/>
  <testcase classname="Testcases.Home_object_Test" name="J_Gallery_10" time="11.127"/>
  <system-out/>
  <testcase classname="Testcases.Home_object_Test" name="E_Gallery_Valid_5" time="1.242"/>
  <system-out/>
  <testcase classname="Testcases.Home_object_Test" name="B_Gallery_2" time="1.053"/>
  <system-out/>
  <testcase classname="Testcases.Home_object_Test" name="A_Gallery_1" time="7.701"/>
  <system-out/>
  <testcase classname="Testcases.Home_object_Test" name="G_Gallery_7" time="3.707"/>
  <system-out/>
</testsuite> <!-- Testcases.Home_object_Test -->
