<?xml version="1.0" encoding="UTF-8"?>
<!-- Generated by org.testng.reporters.JUnitReportReporter -->
<testsuite hostname="Vyro-MacBook.local" failures="0" tests="7" name="Testcases.Google_bg_Test" time="94.510" errors="0" timestamp="2021-08-12T12:21:55 PKT" skipped="0">
  <testcase classname="Testcases.Google_bg_Test" name="E_Testcase5" time="40.716"/>
  <system-out/>
  <testcase classname="Testcases.Google_bg_Test" name="F_Testcase6" time="11.783"/>
  <system-out/>
  <testcase classname="Testcases.Google_bg_Test" name="D_Testcase4" time="4.604"/>
  <system-out/>
  <testcase classname="Testcases.Google_bg_Test" name="A_Testcase1" time="2.362"/>
  <system-out/>
  <testcase classname="Testcases.Google_bg_Test" name="C_Testcase3" time="8.597"/>
  <system-out/>
  <testcase classname="Testcases.Google_bg_Test" name="B_Testcase2" time="5.955"/>
  <system-out/>
  <testcase classname="Testcases.Google_bg_Test" name="G_Testcase7" time="20.493"/>
  <system-out/>
</testsuite> <!-- Testcases.Google_bg_Test -->
