<?xml version="1.0" encoding="UTF-8"?>
<!-- Generated by org.testng.reporters.JUnitReportReporter -->
<testsuite hostname="Vyro-MacBook.local" failures="0" tests="23" name="Testcases.Gradients_bg_test" time="2583.402" errors="0" timestamp="2021-08-12T12:21:55 PKT" skipped="0">
  <testcase classname="Testcases.Gradients_bg_test" name="W_Testcase23" time="93.498"/>
  <system-out/>
  <testcase classname="Testcases.Gradients_bg_test" name="D_Testcase4" time="118.871"/>
  <system-out/>
  <testcase classname="Testcases.Gradients_bg_test" name="O_Testcase15" time="87.617"/>
  <system-out/>
  <testcase classname="Testcases.Gradients_bg_test" name="N_Testcase14" time="126.646"/>
  <system-out/>
  <testcase classname="Testcases.Gradients_bg_test" name="U_Testcase21" time="92.985"/>
  <system-out/>
  <testcase classname="Testcases.Gradients_bg_test" name="Q_Testcase17" time="142.315"/>
  <system-out/>
  <testcase classname="Testcases.Gradients_bg_test" name="B_Testcase2" time="124.424"/>
  <system-out/>
  <testcase classname="Testcases.Gradients_bg_test" name="I_Testcase9" time="113.620"/>
  <system-out/>
  <testcase classname="Testcases.Gradients_bg_test" name="S_Testcase19" time="117.468"/>
  <system-out/>
  <testcase classname="Testcases.Gradients_bg_test" name="P_Testcase16" time="98.467"/>
  <system-out/>
  <testcase classname="Testcases.Gradients_bg_test" name="R_Testcase18" time="121.010"/>
  <system-out/>
  <testcase classname="Testcases.Gradients_bg_test" name="V_Testcase22" time="103.590"/>
  <system-out/>
  <testcase classname="Testcases.Gradients_bg_test" name="K_Testcase11" time="102.620"/>
  <system-out/>
  <testcase classname="Testcases.Gradients_bg_test" name="A_Testcase1" time="173.827"/>
  <system-out/>
  <testcase classname="Testcases.Gradients_bg_test" name="E_Testcase5" time="81.385"/>
  <system-out/>
  <testcase classname="Testcases.Gradients_bg_test" name="F_Testcase6" time="88.444"/>
  <system-out/>
  <testcase classname="Testcases.Gradients_bg_test" name="L_Testcase12" time="156.758"/>
  <system-out/>
  <testcase classname="Testcases.Gradients_bg_test" name="C_Testcase3" time="94.902"/>
  <system-out/>
  <testcase classname="Testcases.Gradients_bg_test" name="M_Testcase13" time="111.648"/>
  <system-out/>
  <testcase classname="Testcases.Gradients_bg_test" name="T_Testcase20" time="144.182"/>
  <system-out/>
  <testcase classname="Testcases.Gradients_bg_test" name="G_Testcase7" time="77.979"/>
  <system-out/>
  <testcase classname="Testcases.Gradients_bg_test" name="J_Testcase10" time="99.741"/>
  <system-out/>
  <testcase classname="Testcases.Gradients_bg_test" name="H_Testcase8" time="111.405"/>
  <system-out/>
</testsuite> <!-- Testcases.Gradients_bg_test -->
