<?xml version="1.0" encoding="UTF-8"?>
<!-- Generated by org.testng.reporters.JUnitReportReporter -->
<testsuite hostname="Vyro-MacBook.local" failures="0" tests="16" name="Testcases.Overlay_view" time="1499.832" errors="0" timestamp="2021-08-11T17:12:01 PKT" skipped="0">
  <testcase classname="Testcases.Overlay_view" name="G_Testcase7" time="105.533"/>
  <system-out/>
  <testcase classname="Testcases.Overlay_view" name="I_Testcase9" time="158.365"/>
  <system-out/>
  <testcase classname="Testcases.Overlay_view" name="N_Testcase14" time="117.746"/>
  <system-out/>
  <testcase classname="Testcases.Overlay_view" name="J_Testcase10" time="57.693"/>
  <system-out/>
  <testcase classname="Testcases.Overlay_view" name="F_Testcase6" time="80.861"/>
  <system-out/>
  <testcase classname="Testcases.Overlay_view" name="E_Testcase5" time="91.536"/>
  <system-out/>
  <testcase classname="Testcases.Overlay_view" name="L_Testcase12" time="120.856"/>
  <system-out/>
  <testcase classname="Testcases.Overlay_view" name="D_Testcase4" time="60.786"/>
  <system-out/>
  <testcase classname="Testcases.Overlay_view" name="O_Testcase15" time="151.794"/>
  <system-out/>
  <testcase classname="Testcases.Overlay_view" name="P_Testcase16" time="174.590"/>
  <system-out/>
  <testcase classname="Testcases.Overlay_view" name="B_Testcase2" time="0.669"/>
  <system-out/>
  <testcase classname="Testcases.Overlay_view" name="K_Testcase11" time="88.821"/>
  <system-out/>
  <testcase classname="Testcases.Overlay_view" name="H_Testcase8" time="137.862"/>
  <system-out/>
  <testcase classname="Testcases.Overlay_view" name="A_Testcase1" time="1.504"/>
  <system-out/>
  <testcase classname="Testcases.Overlay_view" name="C_Testcase3" time="25.976"/>
  <system-out/>
  <testcase classname="Testcases.Overlay_view" name="M_Testcase13" time="125.240"/>
  <system-out/>
</testsuite> <!-- Testcases.Overlay_view -->
