<?xml version="1.0" encoding="UTF-8"?>
<!-- Generated by org.testng.reporters.JUnitReportReporter -->
<testsuite hostname="Vyro-MacBook.local" failures="0" tests="3" name="Testcases.Discard_dialogue_Test" time="8.707" errors="0" timestamp="2021-08-11T17:12:01 PKT" skipped="0">
  <testcase classname="Testcases.Discard_dialogue_Test" name="C_Testcase3" time="3.856"/>
  <system-out/>
  <testcase classname="Testcases.Discard_dialogue_Test" name="B_Testcase2" time="1.601"/>
  <system-out/>
  <testcase classname="Testcases.Discard_dialogue_Test" name="A_Testcase1" time="3.250"/>
  <system-out/>
</testsuite> <!-- Testcases.Discard_dialogue_Test -->
