<?xml version="1.0" encoding="UTF-8"?>
<!-- Generated by org.testng.reporters.JUnitReportReporter -->
<testsuite hostname="Vyro-MacBook.local" failures="0" tests="17" name="Testcases.Stickers_test" time="1214.436" errors="0" timestamp="2021-08-11T17:12:01 PKT" skipped="0">
  <testcase classname="Testcases.Stickers_test" name="L_Testcase12" time="96.537"/>
  <system-out/>
  <testcase classname="Testcases.Stickers_test" name="G_Testcase7" time="89.391"/>
  <system-out/>
  <testcase classname="Testcases.Stickers_test" name="Q_Testcase17" time="132.603"/>
  <system-out/>
  <testcase classname="Testcases.Stickers_test" name="M_Testcase13" time="110.044"/>
  <system-out/>
  <testcase classname="Testcases.Stickers_test" name="I_Testcase9" time="78.958"/>
  <system-out/>
  <testcase classname="Testcases.Stickers_test" name="B_Testcase2" time="0.824"/>
  <system-out/>
  <testcase classname="Testcases.Stickers_test" name="E_Testcase5" time="4.092"/>
  <system-out/>
  <testcase classname="Testcases.Stickers_test" name="K_Testcase11" time="92.428"/>
  <system-out/>
  <testcase classname="Testcases.Stickers_test" name="P_Testcase16" time="125.264"/>
  <system-out/>
  <testcase classname="Testcases.Stickers_test" name="C_Testcase3" time="16.020"/>
  <system-out/>
  <testcase classname="Testcases.Stickers_test" name="J_Testcase10" time="84.910"/>
  <system-out/>
  <testcase classname="Testcases.Stickers_test" name="D_Testcase4" time="15.200"/>
  <system-out/>
  <testcase classname="Testcases.Stickers_test" name="N_Testcase14" time="116.319"/>
  <system-out/>
  <testcase classname="Testcases.Stickers_test" name="A_Testcase1" time="5.809"/>
  <system-out/>
  <testcase classname="Testcases.Stickers_test" name="F_Testcase6" time="23.039"/>
  <system-out/>
  <testcase classname="Testcases.Stickers_test" name="O_Testcase15" time="122.262"/>
  <system-out/>
  <testcase classname="Testcases.Stickers_test" name="H_Testcase8" time="100.736"/>
  <system-out/>
</testsuite> <!-- Testcases.Stickers_test -->
