<?xml version="1.0" encoding="UTF-8"?>
<!-- Generated by org.testng.reporters.JUnitReportReporter -->
<testsuite hostname="Vyro-MacBook.local" failures="0" tests="1" name="com.qa.BaseClass" time="3.485" errors="0" timestamp="2021-04-26T10:11:39 PKT" skipped="0">
  <testcase classname="com.qa.BaseClass" name="testone" time="3.485"/>
  <system-out/>
</testsuite> <!-- com.qa.BaseClass -->
