<?xml version="1.0" encoding="UTF-8"?>
<!-- Generated by org.testng.reporters.JUnitReportReporter -->
<testsuite hostname="Vyro-MacBook.local" failures="0" tests="8" name="Testcases.Px_bg_mainscreen" time="146.299" errors="0" timestamp="2021-08-12T12:21:55 PKT" skipped="0">
  <testcase classname="Testcases.Px_bg_mainscreen" name="F_Testcase6" time="40.053"/>
  <system-out/>
  <testcase classname="Testcases.Px_bg_mainscreen" name="A_Testcase1" time="27.341"/>
  <system-out/>
  <testcase classname="Testcases.Px_bg_mainscreen" name="D_Testcase4" time="8.763"/>
  <system-out/>
  <testcase classname="Testcases.Px_bg_mainscreen" name="G_Testcase7" time="14.053"/>
  <system-out/>
  <testcase classname="Testcases.Px_bg_mainscreen" name="E_Testcase5" time="3.992"/>
  <system-out/>
  <testcase classname="Testcases.Px_bg_mainscreen" name="C_Testcase3" time="32.262"/>
  <system-out/>
  <testcase classname="Testcases.Px_bg_mainscreen" name="B_Testcase2" time="11.050"/>
  <system-out/>
  <testcase classname="Testcases.Px_bg_mainscreen" name="H_Testcase8" time="8.785"/>
  <system-out/>
</testsuite> <!-- Testcases.Px_bg_mainscreen -->
