<?xml version="1.0" encoding="UTF-8"?>
<!-- Generated by org.testng.reporters.JUnitReportReporter -->
<testsuite hostname="Vyro-MacBook.local" failures="0" tests="13" name="Testcases.settings_test" time="45.788" errors="0" timestamp="2021-08-12T12:21:55 PKT" skipped="0">
  <testcase classname="Testcases.settings_test" name="F_Testcase6" time="1.705"/>
  <system-out/>
  <testcase classname="Testcases.settings_test" name="E_Testcase5" time="2.193"/>
  <system-out/>
  <testcase classname="Testcases.settings_test" name="M_Testcase13" time="3.317"/>
  <system-out/>
  <testcase classname="Testcases.settings_test" name="A_Testcase1" time="6.848"/>
  <system-out/>
  <testcase classname="Testcases.settings_test" name="I_Testcase9" time="1.592"/>
  <system-out/>
  <testcase classname="Testcases.settings_test" name="H_Testcase8" time="1.943"/>
  <system-out/>
  <testcase classname="Testcases.settings_test" name="J_Testcase10" time="7.666"/>
  <system-out/>
  <testcase classname="Testcases.settings_test" name="G_Testcase7" time="2.778"/>
  <system-out/>
  <testcase classname="Testcases.settings_test" name="K_Testcase11" time="4.588"/>
  <system-out/>
  <testcase classname="Testcases.settings_test" name="D_Testcase4" time="5.709"/>
  <system-out/>
  <testcase classname="Testcases.settings_test" name="B_Testcase2" time="1.387"/>
  <system-out/>
  <testcase classname="Testcases.settings_test" name="L_Testcase12" time="3.297"/>
  <system-out/>
  <testcase classname="Testcases.settings_test" name="C_Testcase3" time="2.765"/>
  <system-out/>
</testsuite> <!-- Testcases.settings_test -->
