<?xml version="1.0" encoding="UTF-8"?>
<!-- Generated by org.testng.reporters.JUnitReportReporter -->
<testsuite hostname="Vyro-MacBook.local" failures="0" tests="9" name="Testcases.Edit_image_test" time="63.250" errors="0" timestamp="2021-04-27T16:19:15 PKT" skipped="0">
  <testcase classname="Testcases.Edit_image_test" name="F_Testcase6" time="6.712"/>
  <system-out/>
  <testcase classname="Testcases.Edit_image_test" name="I_Testcase9" time="15.464"/>
  <system-out/>
  <testcase classname="Testcases.Edit_image_test" name="D_Testcase4" time="5.115"/>
  <system-out/>
  <testcase classname="Testcases.Edit_image_test" name="E_Testcase5" time="5.836"/>
  <system-out/>
  <testcase classname="Testcases.Edit_image_test" name="A_Testcase1" time="12.576"/>
  <system-out/>
  <testcase classname="Testcases.Edit_image_test" name="H_Testcase8" time="1.729"/>
  <system-out/>
  <testcase classname="Testcases.Edit_image_test" name="B_Testcase2" time="4.571"/>
  <system-out/>
  <testcase classname="Testcases.Edit_image_test" name="G_Testcase7" time="9.878"/>
  <system-out/>
  <testcase classname="Testcases.Edit_image_test" name="C_Testcase3" time="1.369"/>
  <system-out/>
</testsuite> <!-- Testcases.Edit_image_test -->
